[15-Jan-2018 19:25:32 UTC] PHP Parse error:  syntax error, unexpected 'buses' (T_STRING), expecting variable (T_VARIABLE) in /home/ubuntu/workspace/Website/Package/Controler/Controler.php on line 8
[15-Jan-2018 19:26:03 UTC] PHP Parse error:  syntax error, unexpected '__construct' (T_STRING), expecting variable (T_VARIABLE) in /home/ubuntu/workspace/Website/Package/Controler/Controler.php on line 12
[15-Jan-2018 19:29:53 UTC] PHP Parse error:  syntax error, unexpected 'addBus' (T_STRING), expecting variable (T_VARIABLE) in /home/ubuntu/workspace/Website/Package/Controler/Controler.php on line 28
[15-Jan-2018 19:34:00 UTC] PHP Parse error:  syntax error, unexpected '->' (T_OBJECT_OPERATOR) in /home/ubuntu/workspace/Website/Package/Controler/Controler.php on line 43
[15-Jan-2018 19:34:29 UTC] PHP Fatal error:  Call to a member function getInstance() on a non-object in /home/ubuntu/workspace/Website/Package/Controler/Controler.php on line 43
[15-Jan-2018 19:34:29 UTC] PHP Stack trace:
[15-Jan-2018 19:34:29 UTC] PHP   1. {main}() /home/ubuntu/workspace/Website/Package/Controler/Controler.php:0
[15-Jan-2018 19:40:52 UTC] PHP Fatal error:  Call to a member function addBus() on a non-object in /home/ubuntu/workspace/Website/Package/Controler/Controler.php on line 44
[15-Jan-2018 19:40:52 UTC] PHP Stack trace:
[15-Jan-2018 19:40:52 UTC] PHP   1. {main}() /home/ubuntu/workspace/Website/Package/Controler/Controler.php:0
[15-Jan-2018 19:41:36 UTC] PHP Fatal error:  Call to a member function getServices() on a non-object in /home/ubuntu/workspace/Website/Package/Controler/Controler.php on line 45
[15-Jan-2018 19:41:36 UTC] PHP Stack trace:
[15-Jan-2018 19:41:36 UTC] PHP   1. {main}() /home/ubuntu/workspace/Website/Package/Controler/Controler.php:0
[15-Jan-2018 19:57:11 UTC] PHP Fatal error:  Call to a member function getServices() on a non-object in /home/ubuntu/workspace/Website/Package/Controler/Controler.php on line 50
[15-Jan-2018 19:57:11 UTC] PHP Stack trace:
[15-Jan-2018 19:57:11 UTC] PHP   1. {main}() /home/ubuntu/workspace/Website/Package/Controler/Controler.php:0
[15-Jan-2018 19:57:44 UTC] PHP Parse error:  syntax error, unexpected '->' (T_OBJECT_OPERATOR) in /home/ubuntu/workspace/Website/Package/Controler/Controler.php on line 50
[15-Jan-2018 20:00:21 UTC] PHP Fatal error:  Call to a member function getServices() on a non-object in /home/ubuntu/workspace/Website/Package/Controler/Controler.php on line 51
[15-Jan-2018 20:00:21 UTC] PHP Stack trace:
[15-Jan-2018 20:00:21 UTC] PHP   1. {main}() /home/ubuntu/workspace/Website/Package/Controler/Controler.php:0
[15-Jan-2018 22:22:53 UTC] PHP Fatal error:  Call to a member function getId() on a non-object in /home/ubuntu/workspace/Website/Package/Controller/gestor.php on line 8
[15-Jan-2018 22:22:53 UTC] PHP Stack trace:
[15-Jan-2018 22:22:53 UTC] PHP   1. {main}() /home/ubuntu/workspace/Website/Package/Controller/gestor.php:0
[15-Jan-2018 22:23:02 UTC] PHP Fatal error:  Call to a member function getId() on a non-object in /home/ubuntu/workspace/Website/Package/Controller/gestor.php on line 8
[15-Jan-2018 22:23:02 UTC] PHP Stack trace:
[15-Jan-2018 22:23:02 UTC] PHP   1. {main}() /home/ubuntu/workspace/Website/Package/Controller/gestor.php:0
[15-Jan-2018 22:24:17 UTC] PHP Fatal error:  Call to a member function getId() on a non-object in /home/ubuntu/workspace/Website/Package/Controller/gestor.php on line 8
[15-Jan-2018 22:24:17 UTC] PHP Stack trace:
[15-Jan-2018 22:24:17 UTC] PHP   1. {main}() /home/ubuntu/workspace/Website/Package/Controller/gestor.php:0
[15-Jan-2018 22:26:16 UTC] PHP Fatal error:  Call to a member function getId() on a non-object in /home/ubuntu/workspace/Website/Package/Controller/gestor.php on line 8
[15-Jan-2018 22:26:16 UTC] PHP Stack trace:
[15-Jan-2018 22:26:16 UTC] PHP   1. {main}() /home/ubuntu/workspace/Website/Package/Controller/gestor.php:0
[15-Jan-2018 22:26:47 UTC] PHP Fatal error:  Call to a member function getId() on a non-object in /home/ubuntu/workspace/Website/Package/Controller/gestor.php on line 8
[15-Jan-2018 22:26:47 UTC] PHP Stack trace:
[15-Jan-2018 22:26:47 UTC] PHP   1. {main}() /home/ubuntu/workspace/Website/Package/Controller/gestor.php:0
[15-Jan-2018 22:36:46 UTC] PHP Parse error:  syntax error, unexpected 'echo' (T_ECHO) in /home/ubuntu/workspace/Website/Package/Controller/gestor.php on line 9
[15-Jan-2018 22:51:56 UTC] PHP Fatal error:  Cannot redeclare objectToArray() (previously declared in /home/ubuntu/workspace/Website/Package/Controller/gestor.php:4) in /home/ubuntu/workspace/Website/Package/Controller/Controller.php on line 48
[15-Jan-2018 22:51:56 UTC] PHP Stack trace:
[15-Jan-2018 22:51:56 UTC] PHP   1. {main}() /home/ubuntu/workspace/Website/Package/Controller/gestor.php:0
[15-Jan-2018 22:52:15 UTC] PHP Fatal error:  Cannot redeclare objectToArray() (previously declared in /home/ubuntu/workspace/Website/Package/Controller/gestor.php:4) in /home/ubuntu/workspace/Website/Package/Controller/Controller.php on line 48
[15-Jan-2018 22:52:15 UTC] PHP Stack trace:
[15-Jan-2018 22:52:15 UTC] PHP   1. {main}() /home/ubuntu/workspace/Website/Package/Controller/gestor.php:0
[15-Jan-2018 23:07:41 UTC] PHP Catchable fatal error:  Object of class Bus could not be converted to string in /home/ubuntu/workspace/Website/Package/Controller/gestor.php on line 14
[15-Jan-2018 23:07:41 UTC] PHP Stack trace:
[15-Jan-2018 23:07:41 UTC] PHP   1. {main}() /home/ubuntu/workspace/Website/Package/Controller/gestor.php:0
[15-Jan-2018 23:12:34 UTC] PHP Parse error:  syntax error, unexpected 'echo' (T_ECHO) in /home/ubuntu/workspace/Website/Package/Controller/gestor.php on line 15
[16-Jan-2018 00:46:11 UTC] PHP Fatal error:  Call to a member function fetch() on a non-object in /home/ubuntu/workspace/Website/Package/Controller/gestor.php on line 14
[16-Jan-2018 00:46:11 UTC] PHP Stack trace:
[16-Jan-2018 00:46:11 UTC] PHP   1. {main}() /home/ubuntu/workspace/Website/Package/Controller/gestor.php:0
[16-Jan-2018 00:46:20 UTC] PHP Fatal error:  Call to a member function fetch() on a non-object in /home/ubuntu/workspace/Website/Package/Controller/gestor.php on line 14
[16-Jan-2018 00:46:20 UTC] PHP Stack trace:
[16-Jan-2018 00:46:20 UTC] PHP   1. {main}() /home/ubuntu/workspace/Website/Package/Controller/gestor.php:0
[16-Jan-2018 00:48:41 UTC] PHP Fatal error:  Call to a member function fetch() on a non-object in /home/ubuntu/workspace/Website/Package/Controller/gestor.php on line 15
[16-Jan-2018 00:48:41 UTC] PHP Stack trace:
[16-Jan-2018 00:48:41 UTC] PHP   1. {main}() /home/ubuntu/workspace/Website/Package/Controller/gestor.php:0
[16-Jan-2018 00:50:50 UTC] PHP Fatal error:  Call to a member function fetch() on a non-object in /home/ubuntu/workspace/Website/Package/Controller/gestor.php on line 16
[16-Jan-2018 00:50:50 UTC] PHP Stack trace:
[16-Jan-2018 00:50:50 UTC] PHP   1. {main}() /home/ubuntu/workspace/Website/Package/Controller/gestor.php:0
[16-Jan-2018 03:30:54 UTC] PHP Catchable fatal error:  Object of class Bus could not be converted to string in /home/ubuntu/workspace/Website/Package/Controller/gestor.php on line 26
[16-Jan-2018 03:30:54 UTC] PHP Stack trace:
[16-Jan-2018 03:30:54 UTC] PHP   1. {main}() /home/ubuntu/workspace/Website/Package/Controller/gestor.php:0
[16-Jan-2018 03:31:06 UTC] PHP Catchable fatal error:  Object of class Bus could not be converted to string in /home/ubuntu/workspace/Website/Package/Controller/gestor.php on line 26
[16-Jan-2018 03:31:06 UTC] PHP Stack trace:
[16-Jan-2018 03:31:06 UTC] PHP   1. {main}() /home/ubuntu/workspace/Website/Package/Controller/gestor.php:0
[16-Jan-2018 04:12:14 UTC] PHP Parse error:  syntax error, unexpected '}' in /home/ubuntu/workspace/Website/Package/Controller/gestor.php on line 52
[16-Jan-2018 04:30:24 UTC] PHP Parse error:  syntax error, unexpected end of file in /home/ubuntu/workspace/Website/Package/Controller/gestor.php on line 44
[16-Jan-2018 04:30:27 UTC] PHP Parse error:  syntax error, unexpected end of file in /home/ubuntu/workspace/Website/Package/Controller/gestor.php on line 44
[16-Jan-2018 15:06:58 UTC] PHP Fatal error:  Call to a member function getBuses() on a non-object in /home/ubuntu/workspace/Website/Package/Controller/gestor.php on line 23
[16-Jan-2018 15:06:58 UTC] PHP Stack trace:
[16-Jan-2018 15:06:58 UTC] PHP   1. {main}() /home/ubuntu/workspace/Website/Package/Controller/gestor.php:0
[16-Jan-2018 15:07:23 UTC] PHP Fatal error:  Function name must be a string in /home/ubuntu/workspace/Website/Package/Controller/gestor.php on line 39
[16-Jan-2018 15:07:23 UTC] PHP Stack trace:
[16-Jan-2018 15:07:23 UTC] PHP   1. {main}() /home/ubuntu/workspace/Website/Package/Controller/gestor.php:0
[16-Jan-2018 15:07:25 UTC] PHP Fatal error:  Call to a member function getBuses() on a non-object in /home/ubuntu/workspace/Website/Package/Controller/gestor.php on line 23
[16-Jan-2018 15:07:25 UTC] PHP Stack trace:
[16-Jan-2018 15:07:25 UTC] PHP   1. {main}() /home/ubuntu/workspace/Website/Package/Controller/gestor.php:0
[16-Jan-2018 15:08:13 UTC] PHP Fatal error:  Call to a member function getBuses() on a non-object in /home/ubuntu/workspace/Website/Package/Controller/gestor.php on line 23
[16-Jan-2018 15:08:13 UTC] PHP Stack trace:
[16-Jan-2018 15:08:13 UTC] PHP   1. {main}() /home/ubuntu/workspace/Website/Package/Controller/gestor.php:0
[16-Jan-2018 15:08:37 UTC] PHP Fatal error:  Function name must be a string in /home/ubuntu/workspace/Website/Package/Controller/gestor.php on line 39
[16-Jan-2018 15:08:37 UTC] PHP Stack trace:
[16-Jan-2018 15:08:37 UTC] PHP   1. {main}() /home/ubuntu/workspace/Website/Package/Controller/gestor.php:0
[16-Jan-2018 15:08:39 UTC] PHP Fatal error:  Call to a member function getBuses() on a non-object in /home/ubuntu/workspace/Website/Package/Controller/gestor.php on line 23
[16-Jan-2018 15:08:39 UTC] PHP Stack trace:
[16-Jan-2018 15:08:39 UTC] PHP   1. {main}() /home/ubuntu/workspace/Website/Package/Controller/gestor.php:0
[16-Jan-2018 15:09:00 UTC] PHP Fatal error:  Function name must be a string in /home/ubuntu/workspace/Website/Package/Controller/gestor.php on line 39
[16-Jan-2018 15:09:00 UTC] PHP Stack trace:
[16-Jan-2018 15:09:00 UTC] PHP   1. {main}() /home/ubuntu/workspace/Website/Package/Controller/gestor.php:0
[16-Jan-2018 15:09:02 UTC] PHP Fatal error:  Call to a member function getBuses() on a non-object in /home/ubuntu/workspace/Website/Package/Controller/gestor.php on line 23
[16-Jan-2018 15:09:02 UTC] PHP Stack trace:
[16-Jan-2018 15:09:02 UTC] PHP   1. {main}() /home/ubuntu/workspace/Website/Package/Controller/gestor.php:0
[16-Jan-2018 15:11:03 UTC] PHP Fatal error:  Function name must be a string in /home/ubuntu/workspace/Website/Package/Controller/gestor.php on line 40
[16-Jan-2018 15:11:03 UTC] PHP Stack trace:
[16-Jan-2018 15:11:03 UTC] PHP   1. {main}() /home/ubuntu/workspace/Website/Package/Controller/gestor.php:0
[16-Jan-2018 15:11:53 UTC] PHP Fatal error:  Function name must be a string in /home/ubuntu/workspace/Website/Package/Controller/gestor.php on line 40
[16-Jan-2018 15:11:53 UTC] PHP Stack trace:
[16-Jan-2018 15:11:53 UTC] PHP   1. {main}() /home/ubuntu/workspace/Website/Package/Controller/gestor.php:0
[16-Jan-2018 15:15:00 UTC] PHP Fatal error:  Function name must be a string in /home/ubuntu/workspace/Website/Package/Controller/gestor.php on line 40
[16-Jan-2018 15:15:00 UTC] PHP Stack trace:
[16-Jan-2018 15:15:00 UTC] PHP   1. {main}() /home/ubuntu/workspace/Website/Package/Controller/gestor.php:0
[16-Jan-2018 15:16:21 UTC] PHP Fatal error:  Function name must be a string in /home/ubuntu/workspace/Website/Package/Controller/gestor.php on line 40
[16-Jan-2018 15:16:21 UTC] PHP Stack trace:
[16-Jan-2018 15:16:21 UTC] PHP   1. {main}() /home/ubuntu/workspace/Website/Package/Controller/gestor.php:0
[16-Jan-2018 15:27:07 UTC] PHP Fatal error:  Function name must be a string in /home/ubuntu/workspace/Website/Package/Controller/gestor.php on line 40
[16-Jan-2018 15:27:07 UTC] PHP Stack trace:
[16-Jan-2018 15:27:07 UTC] PHP   1. {main}() /home/ubuntu/workspace/Website/Package/Controller/gestor.php:0
[16-Jan-2018 15:27:45 UTC] PHP Fatal error:  Function name must be a string in /home/ubuntu/workspace/Website/Package/Controller/gestor.php on line 40
[16-Jan-2018 15:27:45 UTC] PHP Stack trace:
[16-Jan-2018 15:27:45 UTC] PHP   1. {main}() /home/ubuntu/workspace/Website/Package/Controller/gestor.php:0
[16-Jan-2018 15:28:44 UTC] PHP Fatal error:  Function name must be a string in /home/ubuntu/workspace/Website/Package/Controller/gestor.php on line 40
[16-Jan-2018 15:28:44 UTC] PHP Stack trace:
[16-Jan-2018 15:28:44 UTC] PHP   1. {main}() /home/ubuntu/workspace/Website/Package/Controller/gestor.php:0
[16-Jan-2018 15:29:12 UTC] PHP Fatal error:  Function name must be a string in /home/ubuntu/workspace/Website/Package/Controller/gestor.php on line 40
[16-Jan-2018 15:29:12 UTC] PHP Stack trace:
[16-Jan-2018 15:29:12 UTC] PHP   1. {main}() /home/ubuntu/workspace/Website/Package/Controller/gestor.php:0
[16-Jan-2018 15:32:27 UTC] PHP Fatal error:  Function name must be a string in /home/ubuntu/workspace/Website/Package/Controller/gestor.php on line 40
[16-Jan-2018 15:32:27 UTC] PHP Stack trace:
[16-Jan-2018 15:32:27 UTC] PHP   1. {main}() /home/ubuntu/workspace/Website/Package/Controller/gestor.php:0
[16-Jan-2018 15:33:12 UTC] PHP Fatal error:  Function name must be a string in /home/ubuntu/workspace/Website/Package/Controller/gestor.php on line 40
[16-Jan-2018 15:33:12 UTC] PHP Stack trace:
[16-Jan-2018 15:33:12 UTC] PHP   1. {main}() /home/ubuntu/workspace/Website/Package/Controller/gestor.php:0
[16-Jan-2018 15:44:53 UTC] PHP Fatal error:  Call to a member function getBus() on a non-object in /home/ubuntu/workspace/Website/Package/Controller/gestor.php on line 48
[16-Jan-2018 15:44:53 UTC] PHP Stack trace:
[16-Jan-2018 15:44:53 UTC] PHP   1. {main}() /home/ubuntu/workspace/Website/Package/Controller/gestor.php:0
[16-Jan-2018 15:45:10 UTC] PHP Fatal error:  Call to a member function getBus() on a non-object in /home/ubuntu/workspace/Website/Package/Controller/gestor.php on line 48
[16-Jan-2018 15:45:10 UTC] PHP Stack trace:
[16-Jan-2018 15:45:10 UTC] PHP   1. {main}() /home/ubuntu/workspace/Website/Package/Controller/gestor.php:0
[16-Jan-2018 16:01:06 UTC] PHP Fatal error:  Access to undeclared static property: Controller::$instancia in /home/ubuntu/workspace/Website/Package/Controller/Controller.php on line 21
[16-Jan-2018 16:01:06 UTC] PHP Stack trace:
[16-Jan-2018 16:01:06 UTC] PHP   1. {main}() /home/ubuntu/workspace/Website/Package/Controller/gestor.php:0
[16-Jan-2018 16:01:06 UTC] PHP   2. Controller::getInstance() /home/ubuntu/workspace/Website/Package/Controller/gestor.php:6
[16-Jan-2018 16:58:10 UTC] PHP Warning:  include(SingletonControlador.php): failed to open stream: No such file or directory in /home/ubuntu/workspace/Website/Package/Controller/gestor.php on line 2
[16-Jan-2018 16:58:10 UTC] PHP Stack trace:
[16-Jan-2018 16:58:10 UTC] PHP   1. {main}() /home/ubuntu/workspace/Website/Package/Controller/gestor.php:0
[16-Jan-2018 16:58:10 UTC] PHP Warning:  include(): Failed opening 'SingletonControlador.php' for inclusion (include_path='.:/usr/share/php:/usr/share/pear') in /home/ubuntu/workspace/Website/Package/Controller/gestor.php on line 2
[16-Jan-2018 16:58:10 UTC] PHP Stack trace:
[16-Jan-2018 16:58:10 UTC] PHP   1. {main}() /home/ubuntu/workspace/Website/Package/Controller/gestor.php:0
[16-Jan-2018 16:58:10 UTC] PHP Fatal error:  Class 'SingletonControlador' not found in /home/ubuntu/workspace/Website/Package/Controller/gestor.php on line 6
[16-Jan-2018 16:58:10 UTC] PHP Stack trace:
[16-Jan-2018 16:58:10 UTC] PHP   1. {main}() /home/ubuntu/workspace/Website/Package/Controller/gestor.php:0
[16-Jan-2018 16:58:26 UTC] PHP Warning:  include(SingletonControlador.php): failed to open stream: No such file or directory in /home/ubuntu/workspace/Website/Package/Controller/gestor.php on line 2
[16-Jan-2018 16:58:26 UTC] PHP Stack trace:
[16-Jan-2018 16:58:26 UTC] PHP   1. {main}() /home/ubuntu/workspace/Website/Package/Controller/gestor.php:0
[16-Jan-2018 16:58:26 UTC] PHP Warning:  include(): Failed opening 'SingletonControlador.php' for inclusion (include_path='.:/usr/share/php:/usr/share/pear') in /home/ubuntu/workspace/Website/Package/Controller/gestor.php on line 2
[16-Jan-2018 16:58:26 UTC] PHP Stack trace:
[16-Jan-2018 16:58:26 UTC] PHP   1. {main}() /home/ubuntu/workspace/Website/Package/Controller/gestor.php:0
[16-Jan-2018 16:58:26 UTC] PHP Fatal error:  Class 'SingletonControlador' not found in /home/ubuntu/workspace/Website/Package/Controller/gestor.php on line 6
[16-Jan-2018 16:58:26 UTC] PHP Stack trace:
[16-Jan-2018 16:58:26 UTC] PHP   1. {main}() /home/ubuntu/workspace/Website/Package/Controller/gestor.php:0
[16-Jan-2018 16:59:17 UTC] PHP Parse error:  syntax error, unexpected 'public' (T_PUBLIC) in /home/ubuntu/workspace/Website/Package/Controller/Singleton.php on line 4
[16-Jan-2018 16:59:17 UTC] PHP Stack trace:
[16-Jan-2018 16:59:17 UTC] PHP   1. {main}() /home/ubuntu/workspace/Website/Package/Controller/gestor.php:0
[16-Jan-2018 17:00:06 UTC] PHP Parse error:  syntax error, unexpected 'singleton' (T_STRING), expecting variable (T_VARIABLE) in /home/ubuntu/workspace/Website/Package/Controller/Singleton.php on line 5
[16-Jan-2018 17:00:06 UTC] PHP Stack trace:
[16-Jan-2018 17:00:06 UTC] PHP   1. {main}() /home/ubuntu/workspace/Website/Package/Controller/gestor.php:0
[16-Jan-2018 17:02:26 UTC] PHP Parse error:  syntax error, unexpected 'SingletonController' (T_STRING), expecting variable (T_VARIABLE) in /home/ubuntu/workspace/Website/Package/Controller/Singleton.php on line 8
[16-Jan-2018 17:02:26 UTC] PHP Stack trace:
[16-Jan-2018 17:02:26 UTC] PHP   1. {main}() /home/ubuntu/workspace/Website/Package/Controller/gestor.php:0
[16-Jan-2018 17:03:42 UTC] PHP Fatal error:  Class 'SingletonControlador' not found in /home/ubuntu/workspace/Website/Package/Controller/gestor.php on line 6
[16-Jan-2018 17:03:42 UTC] PHP Stack trace:
[16-Jan-2018 17:03:42 UTC] PHP   1. {main}() /home/ubuntu/workspace/Website/Package/Controller/gestor.php:0
[16-Jan-2018 17:04:24 UTC] PHP Fatal error:  Call to undefined function getInstance() in /home/ubuntu/workspace/Website/Package/Controller/Singleton.php on line 20
[16-Jan-2018 17:04:24 UTC] PHP Stack trace:
[16-Jan-2018 17:04:24 UTC] PHP   1. {main}() /home/ubuntu/workspace/Website/Package/Controller/gestor.php:0
[16-Jan-2018 17:04:24 UTC] PHP   2. SingletonController->getController() /home/ubuntu/workspace/Website/Package/Controller/gestor.php:6
[16-Jan-2018 17:05:33 UTC] PHP Fatal error:  Call to a member function addBus() on a non-object in /home/ubuntu/workspace/Website/Package/Controller/gestor.php on line 31
[16-Jan-2018 17:05:33 UTC] PHP Stack trace:
[16-Jan-2018 17:05:33 UTC] PHP   1. {main}() /home/ubuntu/workspace/Website/Package/Controller/gestor.php:0
[16-Jan-2018 17:08:26 UTC] PHP Fatal error:  Call to a member function addBus() on a non-object in /home/ubuntu/workspace/Website/Package/Controller/gestor.php on line 31
[16-Jan-2018 17:08:26 UTC] PHP Stack trace:
[16-Jan-2018 17:08:26 UTC] PHP   1. {main}() /home/ubuntu/workspace/Website/Package/Controller/gestor.php:0
[16-Jan-2018 17:10:32 UTC] PHP Fatal error:  Call to a member function addBus() on a non-object in /home/ubuntu/workspace/Website/Package/Controller/gestor.php on line 32
[16-Jan-2018 17:10:32 UTC] PHP Stack trace:
[16-Jan-2018 17:10:32 UTC] PHP   1. {main}() /home/ubuntu/workspace/Website/Package/Controller/gestor.php:0
[16-Jan-2018 17:10:49 UTC] PHP Fatal error:  Call to a member function addBus() on a non-object in /home/ubuntu/workspace/Website/Package/Controller/gestor.php on line 32
[16-Jan-2018 17:10:49 UTC] PHP Stack trace:
[16-Jan-2018 17:10:49 UTC] PHP   1. {main}() /home/ubuntu/workspace/Website/Package/Controller/gestor.php:0
[16-Jan-2018 17:15:00 UTC] PHP Fatal error:  Cannot redeclare class Controller in /home/ubuntu/workspace/Website/Package/Controller/Controller.php on line 6
[16-Jan-2018 17:15:00 UTC] PHP Stack trace:
[16-Jan-2018 17:15:00 UTC] PHP   1. {main}() /home/ubuntu/workspace/Website/Package/Controller/gestor.php:0
[17-Jan-2018 21:52:34 UTC] PHP Fatal error:  La clonación de este objeto no está permitida in /home/ubuntu/workspace/Website/Package/Controller/Controller.php on line 40
[17-Jan-2018 21:52:34 UTC] PHP Stack trace:
[17-Jan-2018 21:52:34 UTC] PHP   1. {main}() /home/ubuntu/workspace/Website/Package/Controller/gestor.php:0
[17-Jan-2018 21:52:34 UTC] PHP   2. Controller->__clone() /home/ubuntu/workspace/Website/Package/Controller/gestor.php:11
[17-Jan-2018 21:52:34 UTC] PHP   3. trigger_error() /home/ubuntu/workspace/Website/Package/Controller/Controller.php:40
[17-Jan-2018 22:18:27 UTC] PHP Fatal error:  Call to a member function getBuses() on a non-object in /home/ubuntu/workspace/Website/Package/Controller/gestor.php on line 34
[17-Jan-2018 22:18:27 UTC] PHP Stack trace:
[17-Jan-2018 22:18:27 UTC] PHP   1. {main}() /home/ubuntu/workspace/Website/Package/Controller/gestor.php:0
[17-Jan-2018 22:19:11 UTC] PHP Parse error:  syntax error, unexpected '$Controlador' (T_VARIABLE) in /home/ubuntu/workspace/Website/Package/Controller/gestor.php on line 34
[18-Jan-2018 01:39:57 UTC] PHP Fatal error:  Cannot redeclare class Bus in /home/ubuntu/workspace/Website/Package/Model/Bus.php on line 2
[18-Jan-2018 01:39:57 UTC] PHP Stack trace:
[18-Jan-2018 01:39:57 UTC] PHP   1. {main}() /home/ubuntu/workspace/Website/Package/Controller/gestor.php:0
[18-Jan-2018 01:39:57 UTC] PHP   2. include() /home/ubuntu/workspace/Website/Package/Controller/gestor.php:2
[18-Jan-2018 01:39:57 UTC] PHP   3. include() /home/ubuntu/workspace/Website/Package/Controller/Controller.php:3
[18-Jan-2018 01:40:55 UTC] PHP Fatal error:  Cannot redeclare class Bus in /home/ubuntu/workspace/Website/Package/Model/Bus.php on line 2
[18-Jan-2018 01:40:55 UTC] PHP Stack trace:
[18-Jan-2018 01:40:55 UTC] PHP   1. {main}() /home/ubuntu/workspace/Website/Package/Controller/gestor.php:0
[18-Jan-2018 01:40:55 UTC] PHP   2. include() /home/ubuntu/workspace/Website/Package/Controller/gestor.php:2
[18-Jan-2018 01:40:55 UTC] PHP   3. include() /home/ubuntu/workspace/Website/Package/Controller/Controller.php:3
[18-Jan-2018 02:36:46 UTC] PHP Warning:  insertBus(): Couldn't fetch mysqli in /home/ubuntu/workspace/Website/Package/Model/insertBus.php on line 16
[18-Jan-2018 02:36:46 UTC] PHP Stack trace:
[18-Jan-2018 02:36:46 UTC] PHP   1. {main}() /home/ubuntu/workspace/Website/Package/Controller/gestor.php:0
[18-Jan-2018 02:36:46 UTC] PHP   2. Controller->addBus() /home/ubuntu/workspace/Website/Package/Controller/gestor.php:30
[18-Jan-2018 02:36:46 UTC] PHP   3. insertBus() /home/ubuntu/workspace/Website/Package/Controller/Controller.php:28
